# JRE version: OpenJDK Runtime Environment (11.0.12+7) (build 11.0.12+7-b1504.28-7817840)
# Java VM: OpenJDK 64-Bit Server VM (11.0.12+7-b1504.28-7817840, mixed mode, tiered, compressed oops, g1 gc, windows-amd64)
Heap:
 garbage-first heap   total 260096K, used 160235K [0x00000000a0000000, 0x0000000100000000)
  region size 1024K, 139 young (142336K), 7 survivors (7168K)
 Metaspace       used 45693K, capacity 46802K, committed 46928K, reserved 1089536K
  class space    used 5842K, capacity 6223K, committed 6272K, reserved 1048576K
GC Heap History (14 events):
Event: 0.917 GC heap before
{Heap before GC invocations=0 (full 0):
 garbage-first heap   total 260096K, used 16384K [0x00000000a0000000, 0x0000000100000000)
  region size 1024K, 14 young (14336K), 0 survivors (0K)
 Metaspace       used 6754K, capacity 6937K, committed 7168K, reserved 1056768K
  class space    used 582K, capacity 650K, committed 768K, reserved 1048576K
}
Event: 0.928 GC heap after
{Heap after GC invocations=1 (full 0):
 garbage-first heap   total 260096K, used 4302K [0x00000000a0000000, 0x0000000100000000)
  region size 1024K, 2 young (2048K), 2 survivors (2048K)
 Metaspace       used 6754K, capacity 6937K, committed 7168K, reserved 1056768K
  class space    used 582K, capacity 650K, committed 768K, reserved 1048576K
}
Event: 1.516 GC heap before
{Heap before GC invocations=1 (full 0):
 garbage-first heap   total 260096K, used 19662K [0x00000000a0000000, 0x0000000100000000)
  region size 1024K, 14 young (14336K), 2 survivors (2048K)
 Metaspace       used 10274K, capacity 10565K, committed 10624K, reserved 1058816K
  class space    used 1072K, capacity 1139K, committed 1152K, reserved 1048576K
}
Event: 1.519 GC heap after
{Heap after GC invocations=2 (full 0):
 garbage-first heap   total 260096K, used 9837K [0x00000000a0000000, 0x0000000100000000)
  region size 1024K, 2 young (2048K), 2 survivors (2048K)
 Metaspace       used 10274K, capacity 10565K, committed 10624K, reserved 1058816K
  class space    used 1072K, capacity 1139K, committed 1152K, reserved 1048576K
}
Event: 2.531 GC heap before
{Heap before GC invocations=2 (full 0):
 garbage-first heap   total 260096K, used 38509K [0x00000000a0000000, 0x0000000100000000)
  region size 1024K, 30 young (30720K), 2 survivors (2048K)
 Metaspace       used 11247K, capacity 11520K, committed 11776K, reserved 1060864K
  class space    used 1175K, capacity 1244K, committed 1280K, reserved 1048576K
}
Event: 2.535 GC heap after
{Heap after GC invocations=3 (full 0):
 garbage-first heap   total 260096K, used 12965K [0x00000000a0000000, 0x0000000100000000)
  region size 1024K, 4 young (4096K), 4 survivors (4096K)
 Metaspace       used 11247K, capacity 11520K, committed 11776K, reserved 1060864K
  class space    used 1175K, capacity 1244K, committed 1280K, reserved 1048576K
}
Event: 5.174 GC heap before
{Heap before GC invocations=3 (full 0):
 garbage-first heap   total 260096K, used 53925K [0x00000000a0000000, 0x0000000100000000)
  region size 1024K, 45 young (46080K), 4 survivors (4096K)
 Metaspace       used 17489K, capacity 17953K, committed 18176K, reserved 1064960K
  class space    used 2051K, capacity 2179K, committed 2304K, reserved 1048576K
}
Event: 5.184 GC heap after
{Heap after GC invocations=4 (full 0):
 garbage-first heap   total 260096K, used 16461K [0x00000000a0000000, 0x0000000100000000)
  region size 1024K, 6 young (6144K), 6 survivors (6144K)
 Metaspace       used 17489K, capacity 17953K, committed 18176K, reserved 1064960K
  class space    used 2051K, capacity 2179K, committed 2304K, reserved 1048576K
}
Event: 5.873 GC heap before
{Heap before GC invocations=4 (full 0):
 garbage-first heap   total 260096K, used 43085K [0x00000000a0000000, 0x0000000100000000)
  region size 1024K, 33 young (33792K), 6 survivors (6144K)
 Metaspace       used 20666K, capacity 21172K, committed 21296K, reserved 1069056K
  class space    used 2513K, capacity 2660K, committed 2688K, reserved 1048576K
}
Event: 5.882 GC heap after
{Heap after GC invocations=5 (full 0):
 garbage-first heap   total 260096K, used 17688K [0x00000000a0000000, 0x0000000100000000)
  region size 1024K, 6 young (6144K), 6 survivors (6144K)
 Metaspace       used 20666K, capacity 21172K, committed 21296K, reserved 1069056K
  class space    used 2513K, capacity 2660K, committed 2688K, reserved 1048576K
}
Event: 7.454 GC heap before
{Heap before GC invocations=6 (full 0):
 garbage-first heap   total 260096K, used 70936K [0x00000000a0000000, 0x0000000100000000)
  region size 1024K, 59 young (60416K), 6 survivors (6144K)
 Metaspace       used 26382K, capacity 27028K, committed 27264K, reserved 1073152K
  class space    used 3424K, capacity 3640K, committed 3712K, reserved 1048576K
}
Event: 7.465 GC heap after
{Heap after GC invocations=7 (full 0):
 garbage-first heap   total 260096K, used 19505K [0x00000000a0000000, 0x0000000100000000)
  region size 1024K, 4 young (4096K), 4 survivors (4096K)
 Metaspace       used 26382K, capacity 27028K, committed 27264K, reserved 1073152K
  class space    used 3424K, capacity 3640K, committed 3712K, reserved 1048576K
}
Event: 9.768 GC heap before
{Heap before GC invocations=7 (full 0):
 garbage-first heap   total 260096K, used 81969K [0x00000000a0000000, 0x0000000100000000)
  region size 1024K, 66 young (67584K), 4 survivors (4096K)
 Metaspace       used 35124K, capacity 35909K, committed 36048K, reserved 1081344K
  class space    used 4534K, capacity 4838K, committed 4864K, reserved 1048576K
}
Event: 9.783 GC heap after
{Heap after GC invocations=8 (full 0):
 garbage-first heap   total 260096K, used 23019K [0x00000000a0000000, 0x0000000100000000)
  region size 1024K, 7 young (7168K), 7 survivors (7168K)
 Metaspace       used 35124K, capacity 35909K, committed 36048K, reserved 1081344K
  class space    used 4534K, capacity 4838K, committed 4864K, reserved 1048576K
}

